[Tue Apr 29 10:48:46 CEST 2025] H4070 ha entrado al refugio
[Tue Apr 29 10:48:46 CEST 2025] Z0000 se mueve a la zona 0
[Tue Apr 29 10:48:46 CEST 2025] H4070 en zona común
[Tue Apr 29 10:48:47 CEST 2025] H9076 ha entrado al refugio
[Tue Apr 29 10:48:47 CEST 2025] H9076 en zona común
[Tue Apr 29 10:48:48 CEST 2025] Z0000 se mueve a la zona 0
[Tue Apr 29 10:48:50 CEST 2025] H4070 esperando en túnel 3 (saliendo)
[Tue Apr 29 10:48:51 CEST 2025] H9076 esperando en túnel 2 (saliendo)
[Tue Apr 29 10:48:51 CEST 2025] Z0000 se mueve a la zona 1
[Tue Apr 29 10:48:54 CEST 2025] Z0000 se mueve a la zona 2
[Tue Apr 29 10:48:55 CEST 2025] H7844 ha entrado al refugio
[Tue Apr 29 10:48:55 CEST 2025] H7844 en zona común
[Tue Apr 29 10:48:56 CEST 2025] H2073 ha entrado al refugio
[Tue Apr 29 10:48:56 CEST 2025] H2073 en zona común
[Tue Apr 29 10:48:57 CEST 2025] Z0000 se mueve a la zona 1
[Tue Apr 29 10:48:58 CEST 2025] H7844 esperando en túnel 2 (saliendo)
[Tue Apr 29 10:48:58 CEST 2025] H0152 ha entrado al refugio
[Tue Apr 29 10:48:58 CEST 2025] H0152 en zona común
[Tue Apr 29 10:48:59 CEST 2025] H8186 ha entrado al refugio
[Tue Apr 29 10:48:59 CEST 2025] H8186 en zona común
[Tue Apr 29 10:48:59 CEST 2025] Z0000 se mueve a la zona 2
[Tue Apr 29 10:49:00 CEST 2025] H2073 esperando en túnel 3 (saliendo)
[Tue Apr 29 10:49:01 CEST 2025] H6602 ha entrado al refugio
[Tue Apr 29 10:49:01 CEST 2025] H6602 en zona común
[Tue Apr 29 10:49:01 CEST 2025] H0152 esperando en túnel 0 (saliendo)
[Tue Apr 29 10:49:02 CEST 2025] H8186 esperando en túnel 3 (saliendo)
[Tue Apr 29 10:49:02 CEST 2025] H4070 cruzando túnel 3
[Tue Apr 29 10:49:02 CEST 2025] Z0000 se mueve a la zona 2
[Tue Apr 29 10:49:03 CEST 2025] H2073 cruzando túnel 3
[Tue Apr 29 10:49:03 CEST 2025] H4070 explorando en área 1
[Tue Apr 29 10:49:03 CEST 2025] H5351 ha entrado al refugio
[Tue Apr 29 10:49:03 CEST 2025] H5351 en zona común
[Tue Apr 29 10:49:04 CEST 2025] H2073 explorando en área 3
[Tue Apr 29 10:49:04 CEST 2025] H8186 cruzando túnel 3
[Tue Apr 29 10:49:04 CEST 2025] Z0000 se mueve a la zona 3
[Tue Apr 29 10:49:04 CEST 2025] Z0000 atacando a H2073
[Tue Apr 29 10:49:04 CEST 2025] H6602 esperando en túnel 3 (saliendo)
[Tue Apr 29 10:49:05 CEST 2025] H2073 muerto. Renace como zombi
[Tue Apr 29 10:49:05 CEST 2025] ZH2073 se mueve a la zona 0
[Tue Apr 29 10:49:06 CEST 2025] H4070 encontró comida (2 unidades)
[Tue Apr 29 10:49:06 CEST 2025] H8186 explorando en área 1
[Tue Apr 29 10:49:06 CEST 2025] Depositadas 2 unidades de comida. Total: 2
[Tue Apr 29 10:49:06 CEST 2025] H4070 esperando en túnel 3 (entrando)
[Tue Apr 29 10:49:06 CEST 2025] H5351 esperando en túnel 3 (saliendo)
[Tue Apr 29 10:49:06 CEST 2025] H5351 cruzando túnel 3
[Tue Apr 29 10:49:07 CEST 2025] H3708 ha entrado al refugio
[Tue Apr 29 10:49:07 CEST 2025] H3708 en zona común
[Tue Apr 29 10:49:07 CEST 2025] H5351 explorando en área 2
[Tue Apr 29 10:49:07 CEST 2025] H6602 cruzando túnel 3
[Tue Apr 29 10:49:08 CEST 2025] ZH2073 se mueve a la zona 0
[Tue Apr 29 10:49:08 CEST 2025] H6602 explorando en área 3
[Tue Apr 29 10:49:08 CEST 2025] H4070 cruzando túnel 3
[Tue Apr 29 10:49:09 CEST 2025] H4070 descansando
[Tue Apr 29 10:49:10 CEST 2025] H3708 esperando en túnel 0 (saliendo)
[Tue Apr 29 10:49:10 CEST 2025] ZH2073 se mueve a la zona 0
[Tue Apr 29 10:49:10 CEST 2025] H8186 encontró comida (2 unidades)
[Tue Apr 29 10:49:10 CEST 2025] Depositadas 2 unidades de comida. Total: 4
[Tue Apr 29 10:49:10 CEST 2025] H8186 esperando en túnel 3 (entrando)
[Tue Apr 29 10:49:10 CEST 2025] H5391 ha entrado al refugio
[Tue Apr 29 10:49:10 CEST 2025] H5391 en zona común
[Tue Apr 29 10:49:12 CEST 2025] H6602 encontró comida (2 unidades)
[Tue Apr 29 10:49:12 CEST 2025] Depositadas 2 unidades de comida. Total: 6
[Tue Apr 29 10:49:12 CEST 2025] H6602 esperando en túnel 3 (entrando)
[Tue Apr 29 10:49:12 CEST 2025] H5351 encontró comida (2 unidades)
[Tue Apr 29 10:49:12 CEST 2025] Depositadas 2 unidades de comida. Total: 8
[Tue Apr 29 10:49:12 CEST 2025] H5351 esperando en túnel 3 (entrando)
[Tue Apr 29 10:49:12 CEST 2025] H8186 cruzando túnel 3
[Tue Apr 29 10:49:13 CEST 2025] ZH2073 se mueve a la zona 3
[Tue Apr 29 10:49:13 CEST 2025] H8186 descansando
[Tue Apr 29 10:49:13 CEST 2025] H6602 cruzando túnel 3
[Tue Apr 29 10:49:13 CEST 2025] H4070 comiendo, Total comida: 7
[Tue Apr 29 10:49:13 CEST 2025] H4070 comiendo
[Tue Apr 29 10:49:14 CEST 2025] H5391 esperando en túnel 1 (saliendo)
[Tue Apr 29 10:49:14 CEST 2025] H6602 descansando
[Tue Apr 29 10:49:14 CEST 2025] H5351 cruzando túnel 3
[Tue Apr 29 10:49:14 CEST 2025] H3624 ha entrado al refugio
[Tue Apr 29 10:49:14 CEST 2025] H3624 en zona común
[Tue Apr 29 10:49:15 CEST 2025] H5351 descansando
[Tue Apr 29 10:49:15 CEST 2025] H1283 ha entrado al refugio
[Tue Apr 29 10:49:15 CEST 2025] H1283 en zona común
[Tue Apr 29 10:49:16 CEST 2025] ZH2073 se mueve a la zona 1
[Tue Apr 29 10:49:16 CEST 2025] H8186 comiendo, Total comida: 6
[Tue Apr 29 10:49:16 CEST 2025] H8186 comiendo
[Tue Apr 29 10:49:16 CEST 2025] H6602 comiendo, Total comida: 5
[Tue Apr 29 10:49:16 CEST 2025] H6602 comiendo
[Tue Apr 29 10:49:17 CEST 2025] H4070 en zona común
[Tue Apr 29 10:49:17 CEST 2025] H5351 comiendo, Total comida: 4
[Tue Apr 29 10:49:17 CEST 2025] H5351 comiendo
[Tue Apr 29 10:49:18 CEST 2025] ZH2073 se mueve a la zona 2
[Tue Apr 29 10:49:18 CEST 2025] H3624 esperando en túnel 3 (saliendo)
[Tue Apr 29 10:49:18 CEST 2025] H9772 ha entrado al refugio
[Tue Apr 29 10:49:18 CEST 2025] H9772 en zona común
[Tue Apr 29 10:49:19 CEST 2025] H1283 esperando en túnel 3 (saliendo)
[Tue Apr 29 10:49:19 CEST 2025] H8186 en zona común
[Tue Apr 29 10:49:20 CEST 2025] ZH2073 se mueve a la zona 2
[Tue Apr 29 10:49:20 CEST 2025] H7976 ha entrado al refugio
[Tue Apr 29 10:49:20 CEST 2025] H7976 en zona común
[Tue Apr 29 10:49:21 CEST 2025] H4070 esperando en túnel 3 (saliendo)
[Tue Apr 29 10:49:21 CEST 2025] H4070 cruzando túnel 3
[Tue Apr 29 10:49:21 CEST 2025] H6602 en zona común
[Tue Apr 29 10:49:21 CEST 2025] H9772 esperando en túnel 2 (saliendo)
[Tue Apr 29 10:49:21 CEST 2025] H9772 cruzando túnel 2
[Tue Apr 29 10:49:21 CEST 2025] H5351 en zona común
[Tue Apr 29 10:49:22 CEST 2025] H3624 cruzando túnel 3
[Tue Apr 29 10:49:22 CEST 2025] H4070 explorando en área 0
[Tue Apr 29 10:49:22 CEST 2025] H9772 explorando en área 1
[Tue Apr 29 10:49:22 CEST 2025] H9076 cruzando túnel 2
[Tue Apr 29 10:49:23 CEST 2025] H8186 esperando en túnel 3 (saliendo)
[Tue Apr 29 10:49:23 CEST 2025] ZH2073 se mueve a la zona 3
[Tue Apr 29 10:49:23 CEST 2025] H1283 cruzando túnel 3
[Tue Apr 29 10:49:23 CEST 2025] H7844 cruzando túnel 2
[Tue Apr 29 10:49:23 CEST 2025] H9076 explorando en área 3
[Tue Apr 29 10:49:23 CEST 2025] H7976 esperando en túnel 1 (saliendo)
[Tue Apr 29 10:49:24 CEST 2025] H5351 esperando en túnel 3 (saliendo)
[Tue Apr 29 10:49:24 CEST 2025] H6602 esperando en túnel 0 (saliendo)
[Tue Apr 29 10:49:24 CEST 2025] H6602 cruzando túnel 0
[Tue Apr 29 10:49:25 CEST 2025] H4070 encontró comida (2 unidades)
[Tue Apr 29 10:49:25 CEST 2025] Depositadas 2 unidades de comida. Total: 6
[Tue Apr 29 10:49:25 CEST 2025] H3624 explorando en área 0
[Tue Apr 29 10:49:25 CEST 2025] H4070 esperando en túnel 3 (entrando)
[Tue Apr 29 10:49:25 CEST 2025] H4070 cruzando túnel 3
[Tue Apr 29 10:49:25 CEST 2025] H0152 cruzando túnel 0
[Tue Apr 29 10:49:25 CEST 2025] ZH2073 se mueve a la zona 3
[Tue Apr 29 10:49:26 CEST 2025] ZH2073 atacando a H9076
[Tue Apr 29 10:49:26 CEST 2025] H4070 descansando
[Tue Apr 29 10:49:26 CEST 2025] H8186 cruzando túnel 3
[Tue Apr 29 10:49:26 CEST 2025] H3708 cruzando túnel 0
[Tue Apr 29 10:49:26 CEST 2025] H9772 encontró comida (2 unidades)
[Tue Apr 29 10:49:26 CEST 2025] H0152 explorando en área 1
[Tue Apr 29 10:49:27 CEST 2025] Depositadas 2 unidades de comida. Total: 8
[Tue Apr 29 10:49:27 CEST 2025] H9772 esperando en túnel 2 (entrando)
[Tue Apr 29 10:49:27 CEST 2025] H9076 se defendió pero quedó marcado
[Tue Apr 29 10:49:27 CEST 2025] ZH2073 se mueve a la zona 0
[Tue Apr 29 10:49:27 CEST 2025] ZH2073 atacando a H3624
[Tue Apr 29 10:49:27 CEST 2025] H9076 encontró comida (2 unidades)
[Tue Apr 29 10:49:27 CEST 2025] H1283 explorando en área 3
[Tue Apr 29 10:49:27 CEST 2025] Depositadas 2 unidades de comida. Total: 10
[Tue Apr 29 10:49:27 CEST 2025] H9076 esperando en túnel 2 (entrando)
[Tue Apr 29 10:49:27 CEST 2025] H5351 cruzando túnel 3
[Tue Apr 29 10:49:28 CEST 2025] H3624 se defendió pero quedó marcado
[Tue Apr 29 10:49:28 CEST 2025] ZH2073 se mueve a la zona 0
[Tue Apr 29 10:49:28 CEST 2025] ZH2073 atacando a H3624
[Tue Apr 29 10:49:29 CEST 2025] H3624 se defendió pero quedó marcado
[Tue Apr 29 10:49:29 CEST 2025] ZH2073 se mueve a la zona 1
[Tue Apr 29 10:49:29 CEST 2025] ZH2073 atacando a H0152
[Tue Apr 29 10:49:29 CEST 2025] H4070 comiendo, Total comida: 9
[Tue Apr 29 10:49:29 CEST 2025] H4070 comiendo
[Tue Apr 29 10:49:30 CEST 2025] H1283 encontró comida (2 unidades)
[Tue Apr 29 10:49:30 CEST 2025] H8186 explorando en área 3
[Tue Apr 29 10:49:30 CEST 2025] Depositadas 2 unidades de comida. Total: 11
[Tue Apr 29 10:49:30 CEST 2025] H1283 esperando en túnel 3 (entrando)
[Tue Apr 29 10:49:30 CEST 2025] H3624 encontró comida (2 unidades)
[Tue Apr 29 10:49:30 CEST 2025] Depositadas 2 unidades de comida. Total: 13
[Tue Apr 29 10:49:30 CEST 2025] H3708 explorando en área 0
[Tue Apr 29 10:49:30 CEST 2025] H3624 esperando en túnel 3 (entrando)
[Tue Apr 29 10:49:30 CEST 2025] H0152 se defendió pero quedó marcado
[Tue Apr 29 10:49:30 CEST 2025] ZH2073 se mueve a la zona 1
[Tue Apr 29 10:49:30 CEST 2025] ZH2073 atacando a H0152
[Tue Apr 29 10:49:30 CEST 2025] H0773 ha entrado al refugio
[Tue Apr 29 10:49:30 CEST 2025] H0773 en zona común
[Tue Apr 29 10:49:31 CEST 2025] H0152 encontró comida (2 unidades)
[Tue Apr 29 10:49:31 CEST 2025] Depositadas 2 unidades de comida. Total: 15
[Tue Apr 29 10:49:31 CEST 2025] H6602 explorando en área 1
[Tue Apr 29 10:49:31 CEST 2025] H0152 esperando en túnel 0 (entrando)
[Tue Apr 29 10:49:31 CEST 2025] H8994 ha entrado al refugio
[Tue Apr 29 10:49:31 CEST 2025] H8994 en zona común
[Tue Apr 29 10:49:32 CEST 2025] H0152 se defendió pero quedó marcado
[Tue Apr 29 10:49:32 CEST 2025] ZH2073 se mueve a la zona 1
[Tue Apr 29 10:49:32 CEST 2025] ZH2073 atacando a H6602
[Tue Apr 29 10:49:32 CEST 2025] H6572 ha entrado al refugio
[Tue Apr 29 10:49:32 CEST 2025] H6572 en zona común
[Tue Apr 29 10:49:33 CEST 2025] H6602 se defendió pero quedó marcado
[Tue Apr 29 10:49:33 CEST 2025] ZH2073 se mueve a la zona 0
[Tue Apr 29 10:49:33 CEST 2025] ZH2073 atacando a H3708
[Tue Apr 29 10:49:33 CEST 2025] H8186 encontró comida (2 unidades)
[Tue Apr 29 10:49:33 CEST 2025] Depositadas 2 unidades de comida. Total: 17
[Tue Apr 29 10:49:33 CEST 2025] H8186 esperando en túnel 3 (entrando)
[Tue Apr 29 10:49:33 CEST 2025] H8186 cruzando túnel 3
[Tue Apr 29 10:49:33 CEST 2025] H4070 en zona común
[Tue Apr 29 10:49:33 CEST 2025] H7691 ha entrado al refugio
[Tue Apr 29 10:49:33 CEST 2025] H7691 en zona común
[Tue Apr 29 10:49:34 CEST 2025] H0773 esperando en túnel 3 (saliendo)
[Tue Apr 29 10:49:34 CEST 2025] H8186 descansando
[Tue Apr 29 10:49:34 CEST 2025] H1283 cruzando túnel 3
[Tue Apr 29 10:49:34 CEST 2025] H3708 se defendió pero quedó marcado
[Tue Apr 29 10:49:34 CEST 2025] ZH2073 se mueve a la zona 0
[Tue Apr 29 10:49:34 CEST 2025] ZH2073 atacando a H3708
[Tue Apr 29 10:49:34 CEST 2025] H8994 esperando en túnel 2 (saliendo)
[Tue Apr 29 10:49:34 CEST 2025] H8994 cruzando túnel 2
[Tue Apr 29 10:49:35 CEST 2025] H6602 encontró comida (2 unidades)
[Tue Apr 29 10:49:35 CEST 2025] H7844 explorando en área 1
[Tue Apr 29 10:49:35 CEST 2025] Depositadas 2 unidades de comida. Total: 19
[Tue Apr 29 10:49:35 CEST 2025] H6602 esperando en túnel 0 (entrando)
[Tue Apr 29 10:49:35 CEST 2025] H3708 encontró comida (2 unidades)
[Tue Apr 29 10:49:35 CEST 2025] Depositadas 2 unidades de comida. Total: 21
[Tue Apr 29 10:49:35 CEST 2025] H3708 esperando en túnel 0 (entrando)
[Tue Apr 29 10:49:35 CEST 2025] H3708 cruzando túnel 0
[Tue Apr 29 10:49:35 CEST 2025] H1283 descansando
[Tue Apr 29 10:49:35 CEST 2025] H3624 cruzando túnel 3
[Tue Apr 29 10:49:35 CEST 2025] H3708 se defendió pero quedó marcado
[Tue Apr 29 10:49:35 CEST 2025] ZH2073 se mueve a la zona 1
[Tue Apr 29 10:49:35 CEST 2025] ZH2073 atacando a H7844
[Tue Apr 29 10:49:35 CEST 2025] H9772 cruzando túnel 2
[Tue Apr 29 10:49:35 CEST 2025] H6572 esperando en túnel 3 (saliendo)
[Tue Apr 29 10:49:36 CEST 2025] H0152 cruzando túnel 0
[Tue Apr 29 10:49:36 CEST 2025] H3708 descansando
[Tue Apr 29 10:49:36 CEST 2025] H7691 esperando en túnel 0 (saliendo)
[Tue Apr 29 10:49:36 CEST 2025] H3624 descansando
[Tue Apr 29 10:49:36 CEST 2025] H7844 se defendió pero quedó marcado
[Tue Apr 29 10:49:36 CEST 2025] ZH2073 se mueve a la zona 0
[Tue Apr 29 10:49:36 CEST 2025] H1709 ha entrado al refugio
[Tue Apr 29 10:49:36 CEST 2025] H1709 en zona común
[Tue Apr 29 10:49:36 CEST 2025] H9772 descansando
[Tue Apr 29 10:49:36 CEST 2025] H9076 cruzando túnel 2
[Tue Apr 29 10:49:37 CEST 2025] H6602 cruzando túnel 0
[Tue Apr 29 10:49:37 CEST 2025] H0152 descansando
[Tue Apr 29 10:49:37 CEST 2025] H4070 esperando en túnel 0 (saliendo)
[Tue Apr 29 10:49:37 CEST 2025] H8186 comiendo, Total comida: 20
[Tue Apr 29 10:49:37 CEST 2025] H8186 comiendo
[Tue Apr 29 10:49:37 CEST 2025] H9076 descansando
[Tue Apr 29 10:49:38 CEST 2025] H7844 encontró comida (2 unidades)
[Tue Apr 29 10:49:38 CEST 2025] H8994 explorando en área 1
[Tue Apr 29 10:49:38 CEST 2025] Depositadas 2 unidades de comida. Total: 22
[Tue Apr 29 10:49:38 CEST 2025] H7844 esperando en túnel 2 (entrando)
[Tue Apr 29 10:49:38 CEST 2025] H6602 descansando
[Tue Apr 29 10:49:38 CEST 2025] H3708 comiendo, Total comida: 21
[Tue Apr 29 10:49:38 CEST 2025] H3708 comiendo
[Tue Apr 29 10:49:38 CEST 2025] H1283 comiendo, Total comida: 20
[Tue Apr 29 10:49:38 CEST 2025] H1283 comiendo
[Tue Apr 29 10:49:38 CEST 2025] ZH2073 se mueve a la zona 3
[Tue Apr 29 10:49:39 CEST 2025] H1709 esperando en túnel 3 (saliendo)
[Tue Apr 29 10:49:39 CEST 2025] H1709 cruzando túnel 3
[Tue Apr 29 10:49:39 CEST 2025] H0152 comiendo, Total comida: 19
[Tue Apr 29 10:49:39 CEST 2025] H0152 comiendo
[Tue Apr 29 10:49:39 CEST 2025] H3624 comiendo, Total comida: 18
[Tue Apr 29 10:49:39 CEST 2025] H3624 comiendo
[Tue Apr 29 10:49:40 CEST 2025] H9772 comiendo, Total comida: 17
[Tue Apr 29 10:49:40 CEST 2025] H9772 comiendo
[Tue Apr 29 10:49:40 CEST 2025] H0773 cruzando túnel 3
[Tue Apr 29 10:49:40 CEST 2025] H6602 comiendo, Total comida: 16
[Tue Apr 29 10:49:40 CEST 2025] H6602 comiendo
[Tue Apr 29 10:49:41 CEST 2025] H9076 comiendo, Total comida: 15
[Tue Apr 29 10:49:41 CEST 2025] H9076 comiendo
[Tue Apr 29 10:49:41 CEST 2025] H8186 en zona común
[Tue Apr 29 10:49:41 CEST 2025] H6572 cruzando túnel 3
[Tue Apr 29 10:49:41 CEST 2025] H1283 en zona común
[Tue Apr 29 10:49:41 CEST 2025] ZH2073 se mueve a la zona 1
[Tue Apr 29 10:49:41 CEST 2025] ZH2073 atacando a H8994
[Tue Apr 29 10:49:41 CEST 2025] H8994 encontró comida (2 unidades)
[Tue Apr 29 10:49:41 CEST 2025] H5351 explorando en área 1
[Tue Apr 29 10:49:41 CEST 2025] Depositadas 2 unidades de comida. Total: 17
[Tue Apr 29 10:49:41 CEST 2025] H8994 esperando en túnel 2 (entrando)
[Tue Apr 29 10:49:42 CEST 2025] H6572 explorando en área 3
[Tue Apr 29 10:49:42 CEST 2025] H8994 muerto. Renace como zombi
[Tue Apr 29 10:49:42 CEST 2025] ZH8994 se mueve a la zona 2
[Tue Apr 29 10:49:42 CEST 2025] H0152 recuperándose en enfermería
[Tue Apr 29 10:49:42 CEST 2025] H4900 ha entrado al refugio
[Tue Apr 29 10:49:42 CEST 2025] H4900 en zona común
[Tue Apr 29 10:49:43 CEST 2025] H3708 recuperándose en enfermería
[Tue Apr 29 10:49:43 CEST 2025] H3624 recuperándose en enfermería
[Tue Apr 29 10:49:43 CEST 2025] H8759 ha entrado al refugio
[Tue Apr 29 10:49:43 CEST 2025] H8759 en zona común
[Tue Apr 29 10:49:44 CEST 2025] H8186 esperando en túnel 1 (saliendo)
[Tue Apr 29 10:49:44 CEST 2025] H8186 cruzando túnel 1
[Tue Apr 29 10:49:44 CEST 2025] H9772 en zona común
[Tue Apr 29 10:49:44 CEST 2025] H0152 en zona común
[Tue Apr 29 10:49:44 CEST 2025] H1283 esperando en túnel 3 (saliendo)
[Tue Apr 29 10:49:45 CEST 2025] H3708 en zona común
[Tue Apr 29 10:49:45 CEST 2025] H9076 recuperándose en enfermería
[Tue Apr 29 10:49:45 CEST 2025] ZH8994 se mueve a la zona 1
[Tue Apr 29 10:49:45 CEST 2025] ZH8994 atacando a H5351
[Tue Apr 29 10:49:45 CEST 2025] H6602 recuperándose en enfermería
[Tue Apr 29 10:49:45 CEST 2025] H8186 explorando en área 0
[Tue Apr 29 10:49:45 CEST 2025] H5391 cruzando túnel 1
[Tue Apr 29 10:49:45 CEST 2025] H3624 en zona común
[Tue Apr 29 10:49:45 CEST 2025] H4900 esperando en túnel 1 (saliendo)
[Tue Apr 29 18:38:34 CEST 2025] Z0000 se mueve a la zona 3
[Tue Apr 29 18:38:36 CEST 2025] Z0000 se mueve a la zona 3
[Tue Apr 29 18:38:37 CEST 2025] H3656 ha entrado al refugio
[Tue Apr 29 18:38:37 CEST 2025] H3656 en zona común
[Tue Apr 29 18:38:39 CEST 2025] Z0000 se mueve a la zona 1
[Tue Apr 29 18:38:40 CEST 2025] H3656 esperando en túnel 3 (saliendo)
[Tue Apr 29 18:38:41 CEST 2025] H7767 ha entrado al refugio
[Tue Apr 29 18:38:41 CEST 2025] H7767 en zona común
[Tue Apr 29 18:38:41 CEST 2025] Z0000 se mueve a la zona 2
[Tue Apr 29 18:38:42 CEST 2025] H8193 ha entrado al refugio
[Tue Apr 29 18:38:42 CEST 2025] H8193 en zona común
[Tue Apr 29 18:38:44 CEST 2025] Z0000 se mueve a la zona 2
[Tue Apr 29 18:38:44 CEST 2025] H1131 ha entrado al refugio
[Tue Apr 29 18:38:44 CEST 2025] H1131 en zona común
[Tue Apr 29 18:38:45 CEST 2025] H7767 esperando en túnel 1 (saliendo)
[Tue Apr 29 18:38:45 CEST 2025] H8193 esperando en túnel 3 (saliendo)
[Tue Apr 29 18:38:46 CEST 2025] Z0000 se mueve a la zona 2
[Tue Apr 29 18:38:47 CEST 2025] H1131 esperando en túnel 0 (saliendo)
[Tue Apr 29 18:38:48 CEST 2025] H2878 ha entrado al refugio
[Tue Apr 29 18:38:48 CEST 2025] H2878 en zona común
[Tue Apr 29 18:38:49 CEST 2025] Z0000 se mueve a la zona 3
[Tue Apr 29 18:38:49 CEST 2025] H0197 ha entrado al refugio
[Tue Apr 29 18:38:49 CEST 2025] H0197 en zona común
[Tue Apr 29 18:38:51 CEST 2025] Z0000 se mueve a la zona 1
[Tue Apr 29 18:38:51 CEST 2025] H2878 esperando en túnel 3 (saliendo)
[Tue Apr 29 18:38:51 CEST 2025] H3656 cruzando túnel 3
[Tue Apr 29 18:38:51 CEST 2025] H1090 ha entrado al refugio
[Tue Apr 29 18:38:51 CEST 2025] H1090 en zona común
[Tue Apr 29 18:38:52 CEST 2025] H0197 esperando en túnel 2 (saliendo)
[Tue Apr 29 18:38:52 CEST 2025] H2878 cruzando túnel 3
[Tue Apr 29 18:38:52 CEST 2025] H3656 explorando en área 1
[Tue Apr 29 18:38:53 CEST 2025] H8193 cruzando túnel 3
[Tue Apr 29 18:38:53 CEST 2025] Z0000 se mueve a la zona 2
[Tue Apr 29 18:38:54 CEST 2025] H1090 esperando en túnel 1 (saliendo)
[Tue Apr 29 18:38:54 CEST 2025] H8193 explorando en área 3
[Tue Apr 29 18:38:56 CEST 2025] Z0000 se mueve a la zona 1
[Tue Apr 29 18:38:56 CEST 2025] Z0000 atacando a H3656
[Tue Apr 29 18:38:56 CEST 2025] H3656 encontró comida (2 unidades)
[Tue Apr 29 18:38:56 CEST 2025] H2878 explorando en área 1
[Tue Apr 29 18:38:56 CEST 2025] Depositadas 2 unidades de comida. Total: 2
[Tue Apr 29 18:38:56 CEST 2025] H3656 esperando en túnel 3 (entrando)
[Tue Apr 29 18:38:56 CEST 2025] H3656 se defendió pero quedó marcado
[Tue Apr 29 18:38:56 CEST 2025] Z0000 se mueve a la zona 1
[Tue Apr 29 18:38:56 CEST 2025] Z0000 atacando a H2878
[Tue Apr 29 18:38:57 CEST 2025] H8193 encontró comida (2 unidades)
[Tue Apr 29 18:38:57 CEST 2025] Depositadas 2 unidades de comida. Total: 4
[Tue Apr 29 18:38:57 CEST 2025] H8193 esperando en túnel 3 (entrando)
[Tue Apr 29 18:38:58 CEST 2025] H2878 se defendió pero quedó marcado
[Tue Apr 29 18:38:58 CEST 2025] Z0000 se mueve a la zona 3
[Tue Apr 29 18:38:58 CEST 2025] H1976 ha entrado al refugio
[Tue Apr 29 18:38:58 CEST 2025] H1976 en zona común
[Tue Apr 29 18:38:59 CEST 2025] H4338 ha entrado al refugio
[Tue Apr 29 18:38:59 CEST 2025] H4338 en zona común
[Tue Apr 29 18:39:00 CEST 2025] Z0000 se mueve a la zona 1
[Tue Apr 29 18:39:00 CEST 2025] Z0000 atacando a H2878
[Tue Apr 29 18:39:00 CEST 2025] H2878 encontró comida (2 unidades)
[Tue Apr 29 18:39:00 CEST 2025] H2878 está marcado y vuelve al refugio sin comida.
[Tue Apr 29 18:39:00 CEST 2025] H2878 esperando en túnel 3 (entrando)
[Tue Apr 29 18:39:00 CEST 2025] H2878 cruzando túnel 3
[Tue Apr 29 18:39:00 CEST 2025] H2878 se defendió pero quedó marcado
[Tue Apr 29 18:39:00 CEST 2025] Z0000 se mueve a la zona 3
[Tue Apr 29 18:39:01 CEST 2025] H3656 cruzando túnel 3
[Tue Apr 29 18:39:01 CEST 2025] H2878 descansando
[Tue Apr 29 18:39:02 CEST 2025] H4726 ha entrado al refugio
[Tue Apr 29 18:39:02 CEST 2025] H4726 en zona común
[Tue Apr 29 18:39:02 CEST 2025] H4338 esperando en túnel 1 (saliendo)
[Tue Apr 29 18:39:02 CEST 2025] H4338 cruzando túnel 1
[Tue Apr 29 18:39:02 CEST 2025] H8193 cruzando túnel 3
[Tue Apr 29 18:39:02 CEST 2025] H3656 descansando
[Tue Apr 29 18:39:03 CEST 2025] H4338 explorando en área 3
[Tue Apr 29 18:39:03 CEST 2025] H7767 cruzando túnel 1
[Tue Apr 29 18:39:03 CEST 2025] Z0000 se mueve a la zona 0
[Tue Apr 29 18:39:03 CEST 2025] H8193 descansando
[Tue Apr 29 18:39:03 CEST 2025] H1976 esperando en túnel 3 (saliendo)
[Tue Apr 29 18:39:03 CEST 2025] H2878 recuperándose en enfermería
[Tue Apr 29 18:39:04 CEST 2025] H5823 ha entrado al refugio
[Tue Apr 29 18:39:04 CEST 2025] H5823 en zona común
[Tue Apr 29 18:39:04 CEST 2025] H7767 explorando en área 1
[Tue Apr 29 18:39:04 CEST 2025] H1090 cruzando túnel 1
[Tue Apr 29 18:39:04 CEST 2025] H4726 esperando en túnel 3 (saliendo)
[Tue Apr 29 18:39:05 CEST 2025] H3656 comiendo, Total comida: 3
[Tue Apr 29 18:39:05 CEST 2025] H3656 comiendo
[Tue Apr 29 18:39:05 CEST 2025] H1090 explorando en área 0
[Tue Apr 29 18:39:05 CEST 2025] H2878 en zona común
[Tue Apr 29 18:39:06 CEST 2025] Z0000 se mueve a la zona 2
[Tue Apr 29 18:39:06 CEST 2025] H5823 esperando en túnel 1 (saliendo)
[Tue Apr 29 18:39:07 CEST 2025] H8193 comiendo, Total comida: 2
[Tue Apr 29 18:39:07 CEST 2025] H8193 comiendo
[Tue Apr 29 18:39:07 CEST 2025] H4338 encontró comida (2 unidades)
[Tue Apr 29 18:39:07 CEST 2025] Depositadas 2 unidades de comida. Total: 4
[Tue Apr 29 18:39:07 CEST 2025] H4338 esperando en túnel 1 (entrando)
[Tue Apr 29 18:39:07 CEST 2025] H7767 encontró comida (2 unidades)
[Tue Apr 29 18:39:07 CEST 2025] Depositadas 2 unidades de comida. Total: 6
[Tue Apr 29 18:39:07 CEST 2025] H7767 esperando en túnel 1 (entrando)
[Tue Apr 29 18:39:07 CEST 2025] H7767 cruzando túnel 1
[Tue Apr 29 18:39:08 CEST 2025] H2878 esperando en túnel 2 (saliendo)
[Tue Apr 29 18:39:08 CEST 2025] H3763 ha entrado al refugio
[Tue Apr 29 18:39:08 CEST 2025] H3763 en zona común
[Tue Apr 29 18:39:08 CEST 2025] Z0000 se mueve a la zona 1
[Tue Apr 29 18:39:08 CEST 2025] H7767 descansando
[Tue Apr 29 18:39:08 CEST 2025] H5823 cruzando túnel 1
[Tue Apr 29 18:39:09 CEST 2025] H1090 encontró comida (2 unidades)
[Tue Apr 29 18:39:09 CEST 2025] Depositadas 2 unidades de comida. Total: 8
[Tue Apr 29 18:39:09 CEST 2025] H1090 esperando en túnel 1 (entrando)
[Tue Apr 29 18:39:09 CEST 2025] H4338 cruzando túnel 1
[Tue Apr 29 18:39:09 CEST 2025] H5823 explorando en área 3
[Tue Apr 29 18:39:10 CEST 2025] H3656 en zona común
[Tue Apr 29 18:39:10 CEST 2025] H4338 descansando
[Tue Apr 29 18:39:11 CEST 2025] Z0000 se mueve a la zona 3
[Tue Apr 29 18:39:11 CEST 2025] Z0000 atacando a H5823
[Tue Apr 29 18:39:11 CEST 2025] H8193 en zona común
[Tue Apr 29 18:39:11 CEST 2025] H3763 esperando en túnel 0 (saliendo)
[Tue Apr 29 18:39:12 CEST 2025] H5823 se defendió pero quedó marcado
[Tue Apr 29 18:39:12 CEST 2025] Z0000 se mueve a la zona 3
[Tue Apr 29 18:39:12 CEST 2025] Z0000 atacando a H5823
[Tue Apr 29 18:39:12 CEST 2025] H7767 comiendo, Total comida: 7
[Tue Apr 29 18:39:12 CEST 2025] H7767 comiendo
[Tue Apr 29 18:39:13 CEST 2025] H5823 se defendió pero quedó marcado
[Tue Apr 29 18:39:13 CEST 2025] Z0000 se mueve a la zona 3
[Tue Apr 29 18:39:13 CEST 2025] Z0000 atacando a H5823
[Tue Apr 29 18:39:13 CEST 2025] H5823 encontró comida (2 unidades)
[Tue Apr 29 18:39:13 CEST 2025] H5823 está marcado y vuelve al refugio sin comida.
[Tue Apr 29 18:39:13 CEST 2025] H5823 esperando en túnel 1 (entrando)
[Tue Apr 29 18:39:13 CEST 2025] H9248 ha entrado al refugio
[Tue Apr 29 18:39:13 CEST 2025] H9248 en zona común
[Tue Apr 29 18:39:13 CEST 2025] H4338 comiendo, Total comida: 6
[Tue Apr 29 18:39:13 CEST 2025] H4338 comiendo
[Tue Apr 29 18:39:14 CEST 2025] H5823 se defendió pero quedó marcado
[Tue Apr 29 18:39:14 CEST 2025] Z0000 se mueve a la zona 3
[Tue Apr 29 18:39:14 CEST 2025] H6356 ha entrado al refugio
[Tue Apr 29 18:39:14 CEST 2025] H6356 en zona común
[Tue Apr 29 18:39:15 CEST 2025] H8193 esperando en túnel 2 (saliendo)
[Tue Apr 29 18:39:15 CEST 2025] H8193 cruzando túnel 2
[Tue Apr 29 18:39:16 CEST 2025] H8193 explorando en área 2
[Tue Apr 29 18:39:16 CEST 2025] H0197 cruzando túnel 2
[Tue Apr 29 18:39:16 CEST 2025] H9248 esperando en túnel 2 (saliendo)
[Tue Apr 29 18:39:17 CEST 2025] H7767 en zona común
[Tue Apr 29 18:39:17 CEST 2025] Z0000 se mueve a la zona 2
[Tue Apr 29 18:39:17 CEST 2025] Z0000 atacando a H8193
[Tue Apr 29 18:39:17 CEST 2025] H0197 explorando en área 1
[Tue Apr 29 18:39:17 CEST 2025] H2878 cruzando túnel 2
[Tue Apr 29 18:39:18 CEST 2025] H8193 muerto. Renace como zombi
[Tue Apr 29 18:39:18 CEST 2025] ZH8193 se mueve a la zona 0
[Tue Apr 29 18:39:18 CEST 2025] H4338 en zona común
[Tue Apr 29 18:39:19 CEST 2025] H2878 explorando en área 2
[Tue Apr 29 18:39:20 CEST 2025] H7767 esperando en túnel 0 (saliendo)
[Tue Apr 29 18:39:20 CEST 2025] H7767 cruzando túnel 0
[Tue Apr 29 18:39:21 CEST 2025] H1131 cruzando túnel 0
[Tue Apr 29 18:39:21 CEST 2025] ZH8193 se mueve a la zona 2
[Tue Apr 29 18:39:21 CEST 2025] ZH8193 atacando a H2878
[Tue Apr 29 18:39:21 CEST 2025] H4338 esperando en túnel 2 (saliendo)
[Tue Apr 29 18:39:21 CEST 2025] H0197 encontró comida (2 unidades)
[Tue Apr 29 18:39:21 CEST 2025] Depositadas 2 unidades de comida. Total: 8
[Tue Apr 29 18:39:21 CEST 2025] H2878 se defendió pero quedó marcado
[Tue Apr 29 18:39:21 CEST 2025] H0197 esperando en túnel 2 (entrando)
[Tue Apr 29 18:39:21 CEST 2025] H0197 cruzando túnel 2
[Tue Apr 29 18:39:21 CEST 2025] ZH8193 se mueve a la zona 0
[Tue Apr 29 18:39:22 CEST 2025] H3763 cruzando túnel 0
[Tue Apr 29 18:39:22 CEST 2025] H1131 explorando en área 3
[Tue Apr 29 18:39:22 CEST 2025] H0197 descansando
[Tue Apr 29 18:39:22 CEST 2025] H9248 cruzando túnel 2
[Tue Apr 29 18:39:23 CEST 2025] H2878 encontró comida (2 unidades)
[Tue Apr 29 18:39:23 CEST 2025] H2878 está marcado y vuelve al refugio sin comida.
[Tue Apr 29 18:39:23 CEST 2025] H7767 explorando en área 2
[Tue Apr 29 18:39:23 CEST 2025] H2878 esperando en túnel 2 (entrando)
[Tue Apr 29 18:39:23 CEST 2025] H9248 explorando en área 0
[Tue Apr 29 18:39:23 CEST 2025] H4338 cruzando túnel 2
[Tue Apr 29 18:39:23 CEST 2025] ZH8193 se mueve a la zona 0
[Tue Apr 29 18:39:23 CEST 2025] ZH8193 atacando a H9248
[Tue Apr 29 18:39:24 CEST 2025] H8825 ha entrado al refugio
[Tue Apr 29 18:39:24 CEST 2025] H8825 en zona común
[Tue Apr 29 18:39:24 CEST 2025] H9248 muerto. Renace como zombi
[Tue Apr 29 18:39:24 CEST 2025] ZH9248 se mueve a la zona 0
[Tue Apr 29 18:39:25 CEST 2025] H1131 encontró comida (2 unidades)
[Tue Apr 29 18:39:25 CEST 2025] Depositadas 2 unidades de comida. Total: 10
[Tue Apr 29 18:39:25 CEST 2025] H1131 esperando en túnel 0 (entrando)
[Tue Apr 29 18:39:26 CEST 2025] H0197 comiendo, Total comida: 9
[Tue Apr 29 18:39:26 CEST 2025] H0197 comiendo
[Tue Apr 29 18:39:26 CEST 2025] H7767 encontró comida (2 unidades)
[Tue Apr 29 18:39:26 CEST 2025] Depositadas 2 unidades de comida. Total: 11
[Tue Apr 29 18:39:26 CEST 2025] H7767 esperando en túnel 0 (entrando)
[Tue Apr 29 18:39:26 CEST 2025] H4338 explorando en área 2
[Tue Apr 29 18:39:27 CEST 2025] ZH9248 se mueve a la zona 0
